/app/src/app.js:19:13: Unexpected chained assignment. [Error/no-multi-assign]
/app/src/app.js:43:8: Unexpected console statement. [Warning/no-console]
/app/src/channels.js:23:24: Expected parentheses around arrow function argument having a body with curly braces. [Error/arrow-parens]
/app/src/events/meetingJoinedEvent.js:9:53: 'meeting' is already declared in the upper scope. [Error/no-shadow]
/app/src/events/meetingJoinedEvent.js:15:41: A space is required after '['. [Error/array-bracket-spacing]
/app/src/events/meetingJoinedEvent.js:15:57: A space is required before ']'. [Error/array-bracket-spacing]
/app/src/events/meetingJoinedEvent.js:16:14: 'meeting' is already declared in the upper scope. [Error/no-shadow]
/app/src/events/meetingJoinedEvent.js:33:56: A space is required after '['. [Error/array-bracket-spacing]
/app/src/events/meetingJoinedEvent.js:33:69: A space is required before ']'. [Error/array-bracket-spacing]
/app/src/events/meetingJoinedEvent.js:35:18: 'participant' is already declared in the upper scope. [Error/no-shadow]
/app/src/events/meetingJoinedEvent.js:38:8: Expected line break before `.catch`. [Error/newline-per-chained-call]
/app/src/events/meetingJoinedEvent.js:46:19: A space is required after '['. [Error/array-bracket-spacing]
/app/src/events/meetingJoinedEvent.js:46:32: A space is required before ']'. [Error/array-bracket-spacing]
/app/src/events/meetingJoinedEvent.js:50:10: Expected line break before `.catch`. [Error/newline-per-chained-call]
/app/src/events/meetingJoinedEvent.js:50:17: 'err' is already declared in the upper scope. [Error/no-shadow]
/app/src/events/meetingJoinedEvent.js:60:14: Gratuitous parentheses around expression. [Warning/no-extra-parens]
/app/src/events/meetingJoinedEvent.js:91:20: 'meeting' is already declared in the upper scope. [Error/no-shadow]
/app/src/events/meetingJoinedEvent.js:95:14: Expected line break before `.catch`. [Error/newline-per-chained-call]
/app/src/index.js:8:3: Unexpected console statement. [Warning/no-console]
/app/src/jobs/end-meeting-job.js:23:6: Expected line break before `.catch`. [Error/newline-per-chained-call]
/app/src/jobs/end-meeting-job.js:37:14: A space is required after '{'. [Error/object-curly-spacing]
/app/src/jobs/end-meeting-job.js:37:26: A space is required before '}'. [Error/object-curly-spacing]
/app/src/jobs/end-meeting-job.js:44:16: Gratuitous parentheses around expression. [Warning/no-extra-parens]
/app/src/jobs/end-meeting-job.js:53:14: A space is required after '{'. [Error/object-curly-spacing]
/app/src/jobs/end-meeting-job.js:54:1: Expected indentation of 14 spaces but found 8. [Error/indent]
/app/src/jobs/end-meeting-job.js:54:25: A space is required before '}'. [Error/object-curly-spacing]
/app/src/jobs/end-meeting-job.js:56:6: Expected line break before `.catch`. [Error/newline-per-chained-call]
/app/src/jobs/end-meeting-job.js:60:12: A space is required after '{'. [Error/object-curly-spacing]
/app/src/jobs/end-meeting-job.js:61:1: Expected indentation of 12 spaces but found 6. [Error/indent]
/app/src/jobs/end-meeting-job.js:61:23: A space is required before '}'. [Error/object-curly-spacing]
/app/src/jobs/end-meeting-job.js:69:59: A space is required after '{'. [Error/object-curly-spacing]
/app/src/jobs/end-meeting-job.js:69:91: A space is required before '}'. [Error/object-curly-spacing]
/app/src/jobs/end-meeting-job.js:74:18: Expected line break before `.catch`. [Error/newline-per-chained-call]
/app/src/jobs/end-meeting-job.js:100:54: Each then() should return a value or throw [Error/promise/always-return]
/app/src/jobs/end-meeting-job.js:101:5: Unexpected console statement. [Warning/no-console]
/app/src/jobs/end-meeting-job.js:102:6: Expected line break before `.catch`. [Error/newline-per-chained-call]
/app/src/jobs/end-meeting-job.js:103:5: Unexpected console statement. [Warning/no-console]
/app/src/jobs/end-meeting-job.js:107:31: Expected to return a value at the end of function. [Error/consistent-return]
/app/src/jobs/turn-job/turn-analytics.js:17:46: 'turns' is already declared in the upper scope. [Error/no-shadow]
/app/src/jobs/turn-job/turn-analytics.js:43:9: A space is required after '{'. [Error/object-curly-spacing]
/app/src/jobs/turn-job/turn-analytics.js:43:21: A space is required after '{'. [Error/object-curly-spacing]
/app/src/jobs/turn-job/turn-analytics.js:43:46: A space is required before '}'. [Error/object-curly-spacing]
/app/src/jobs/turn-job/turn-analytics.js:43:47: A space is required before '}'. [Error/object-curly-spacing]
/app/src/jobs/turn-job/turn-analytics.js:44:9: A space is required after '{'. [Error/object-curly-spacing]
/app/src/jobs/turn-job/turn-analytics.js:44:19: A space is required after '{'. [Error/object-curly-spacing]
/app/src/jobs/turn-job/turn-analytics.js:44:42: A space is required before '}'. [Error/object-curly-spacing]
/app/src/jobs/turn-job/turn-analytics.js:44:43: A space is required before '}'. [Error/object-curly-spacing]
/app/src/jobs/turn-job/turn-analytics.js:46:16: A space is required after '['. [Error/array-bracket-spacing]
/app/src/jobs/turn-job/turn-analytics.js:46:65: A space is required before ']'. [Error/array-bracket-spacing]
/app/src/jobs/turn-job/turn-analytics.js:48:11: Each then() should return a value or throw [Error/promise/always-return]
/app/src/jobs/turn-job/turn-analytics.js:53:66: 'key' is defined but never used. [Warning/no-unused-vars]
/app/src/jobs/turn-job/turn-analytics.js:83:52: Each then() should return a value or throw [Error/promise/always-return]
/app/src/jobs/turn-job/turn-analytics.js:83:53: 'turn' is defined but never used. [Warning/no-unused-vars]
/app/src/jobs/turn-job/turn-analytics.js:84:66: Each then() should return a value or throw [Error/promise/always-return]
/app/src/jobs/turn-job/turn-analytics.js:84:67: 'newTurn' is defined but never used. [Warning/no-unused-vars]
/app/src/jobs/turn-job/turn-analytics.js:86:10: Expected line break before `.catch`. [Error/newline-per-chained-call]
/app/src/jobs/turn-job/turn-analytics.js:89:8: Expected line break before `.catch`. [Error/newline-per-chained-call]
/app/src/jobs/turn-job/turn-analytics.js:91:53: Each then() should return a value or throw [Error/promise/always-return]
/app/src/jobs/turn-job/turn-analytics.js:91:54: 'newTurn' is defined but never used. [Warning/no-unused-vars]
/app/src/jobs/turn-job/turn-analytics.js:93:10: Expected line break before `.catch`. [Error/newline-per-chained-call]
/app/src/jobs/turn-job/turn-analytics.js:93:17: 'err' is already declared in the upper scope. [Error/no-shadow]
/app/src/jobs/turn-job/turn-analytics.js:97:6: Expected line break before `.catch`. [Error/newline-per-chained-call]
/app/src/middleware/index.js:11:9: Unexpected alias 'app' for 'this'. [Error/consistent-this]
/app/src/scripts/create-default-user.js:10:3: Unnecessarily quoted property 'transports' found. [Error/quote-props]
/app/src/scripts/create-default-user.js:20:9: Unexpected alias 'app' for 'this'. [Error/consistent-this]
/app/src/scripts/create-default-user.js:43:6: Expected line break before `.then`. [Error/newline-per-chained-call]
/app/src/scripts/create-default-user.js:53:6: Expected line break before `.then`. [Error/newline-per-chained-call]
/app/src/scripts/create-default-user.js:53:21: 'userOrTrue' is defined but never used. [Warning/no-unused-vars]
/app/src/scripts/create-default-user.js:59:6: Expected line break before `.then`. [Error/newline-per-chained-call]
/app/src/scripts/create-default-user.js:62:92: Expected to return a value at the end of function. [Error/consistent-return]
/app/src/scripts/create-default-user.js:75:6: Expected line break before `.catch`. [Error/newline-per-chained-call]
/app/src/scripts/index.js:4:9: Unexpected alias 'app' for 'this'. [Error/consistent-this]
/app/src/services/authentication/index.js:9:9: Unexpected alias 'app' for 'this'. [Error/consistent-this]
/app/src/services/authentication/index.js:30:35: A space is required after '['. [Error/array-bracket-spacing]
/app/src/services/authentication/index.js:30:50: A space is required before ']'. [Error/array-bracket-spacing]
/app/src/services/face/face-model.js:12:16: A space is required after '{'. [Error/object-curly-spacing]
/app/src/services/face/face-model.js:12:49: A space is required before '}'. [Error/object-curly-spacing]
/app/src/services/face/face-model.js:13:12: A space is required after '{'. [Error/object-curly-spacing]
/app/src/services/face/face-model.js:13:41: A space is required before '}'. [Error/object-curly-spacing]
/app/src/services/face/face-model.js:15:3: Identifier 'face_delta' is not in camel case. [Error/camelcase]
/app/src/services/face/face-model.js:16:3: Identifier 'norm_smile' is not in camel case. [Error/camelcase]
/app/src/services/face/face-model.js:17:3: Identifier 'delta_array' is not in camel case. [Error/camelcase]
/app/src/services/face/face-model.js:17:16: A space is required after '['. [Error/array-bracket-spacing]
/app/src/services/face/face-model.js:17:23: A space is required before ']'. [Error/array-bracket-spacing]
/app/src/services/face/face-model.js:18:3: Identifier 'x_array' is not in camel case. [Error/camelcase]
/app/src/services/face/face-model.js:18:12: A space is required after '['. [Error/array-bracket-spacing]
/app/src/services/face/face-model.js:18:19: A space is required before ']'. [Error/array-bracket-spacing]
/app/src/services/face/face-model.js:19:3: Identifier 'y_array' is not in camel case. [Error/camelcase]
/app/src/services/face/face-model.js:19:12: A space is required after '['. [Error/array-bracket-spacing]
/app/src/services/face/face-model.js:19:19: A space is required before ']'. [Error/array-bracket-spacing]
/app/src/services/face/hooks/index.js:7:8: A space is required after '['. [Error/array-bracket-spacing]
/app/src/services/face/hooks/index.js:7:39: A space is required before ']'. [Error/array-bracket-spacing]
/app/src/services/face/hooks/index.js:10:11: A space is required after '['. [Error/array-bracket-spacing]
/app/src/services/face/hooks/index.js:10:20: A space is required before ']'. [Error/array-bracket-spacing]
/app/src/services/face/index.js:8:9: Unexpected alias 'app' for 'this'. [Error/consistent-this]
/app/src/services/index.js:17:9: Unexpected alias 'app' for 'this'. [Error/consistent-this]
/app/src/services/index.js:20:13: A space is required after '{'. [Error/object-curly-spacing]
/app/src/services/index.js:21:1: Expected indentation of 13 spaces but found 6. [Error/indent]
/app/src/services/index.js:21:7: Identifier 'auto_reconnect' is not in camel case. [Error/camelcase]
/app/src/services/index.js:22:1: Expected indentation of 13 spaces but found 6. [Error/indent]
/app/src/services/index.js:22:18: A space is required before '}'. [Error/object-curly-spacing]
/app/src/services/meeting/hooks/activate-meeting-hook.js:10:10: Gratuitous parentheses around expression. [Warning/no-extra-parens]
/app/src/services/meeting/hooks/activate-meeting-hook.js:15:19: Gratuitous parentheses around expression. [Warning/no-extra-parens]
/app/src/services/meeting/hooks/activate-meeting-hook.js:20:12: 'meetingEvent' is defined but never used. [Warning/no-unused-vars]
/app/src/services/meeting/hooks/add-participant-hook.js:19:63: A space is required after '['. [Error/array-bracket-spacing]
/app/src/services/meeting/hooks/add-participant-hook.js:19:89: A space is required before ']'. [Error/array-bracket-spacing]
/app/src/services/meeting/hooks/add-participant-hook.js:23:12: Expected line break before `.catch`. [Error/newline-per-chained-call]
/app/src/services/meeting/hooks/apply_unstructured_query-hook.js:11:48: Expected to return a value at the end of arrow function. [Error/consistent-return]
/app/src/services/meeting/hooks/apply_unstructured_query-hook.js:15:15: Use '===' to compare with null. [Error/no-eq-null]
/app/src/services/meeting/hooks/apply_unstructured_query-hook.js:15:28: Expected '===' and instead saw '=='. [Error/eqeqeq]
/app/src/services/meeting/hooks/compute-turn-hook.js:11:10: Gratuitous parentheses around expression. [Warning/no-extra-parens]
/app/src/services/meeting/hooks/compute-turn-hook.js:15:10: Gratuitous parentheses around expression. [Warning/no-extra-parens]
/app/src/services/meeting/hooks/deactivate-meeting-hook.js:21:10: Gratuitous parentheses around expression. [Warning/no-extra-parens]
/app/src/services/meeting/hooks/deactivate-meeting-hook.js:51:11: Each then() should return a value or throw [Error/promise/always-return]
/app/src/services/meeting/hooks/deactivate-meeting-hook.js:55:88: Unexpected parentheses around single function argument having a body with no curly braces. [Error/arrow-parens]
/app/src/services/meeting/hooks/deactivate-meeting-hook.js:57:5: Expected catch() or return [Error/promise/catch-or-return]
/app/src/services/meeting/hooks/deactivate-meeting-hook.js:62:13: Each then() should return a value or throw [Error/promise/always-return]
/app/src/services/meeting/hooks/deactivate-meeting-hook.js:66:68: 'key' is defined but never used. [Warning/no-unused-vars]
/app/src/services/meeting/hooks/deactivate-meeting-hook.js:70:75: 'key' is defined but never used. [Warning/no-unused-vars]
/app/src/services/meeting/hooks/deactivate-meeting-hook.js:79:40: There should be no space after '['. [Error/computed-property-spacing]
/app/src/services/meeting/hooks/deactivate-meeting-hook.js:79:48: There should be no space before ']'. [Error/computed-property-spacing]
/app/src/services/meeting/hooks/deactivate-meeting-hook.js:81:28: There should be no space after '['. [Error/computed-property-spacing]
/app/src/services/meeting/hooks/deactivate-meeting-hook.js:81:37: There should be no space before ']'. [Error/computed-property-spacing]
/app/src/services/meeting/hooks/deactivate-meeting-hook.js:82:72: There should be no space after '['. [Error/computed-property-spacing]
/app/src/services/meeting/hooks/deactivate-meeting-hook.js:82:88: There should be no space before ']'. [Error/computed-property-spacing]
/app/src/services/meeting/hooks/deactivate-meeting-hook.js:83:93: There should be no space after '['. [Error/computed-property-spacing]
/app/src/services/meeting/hooks/deactivate-meeting-hook.js:83:109: There should be no space before ']'. [Error/computed-property-spacing]
/app/src/services/meeting/hooks/deactivate-meeting-hook.js:92:7: Avoid calling back inside of a promise. [Warning/promise/no-callback-in-promise]
/app/src/services/meeting/hooks/deactivate-meeting-hook.js:161:14: Expected line break before `.append`. [Error/newline-per-chained-call]
/app/src/services/meeting/hooks/deactivate-meeting-hook.js:165:30: 'i' is defined but never used. [Warning/no-unused-vars]
/app/src/services/meeting/hooks/deactivate-meeting-hook.js:218:1: Line 218 exceeds the maximum line length of 120. [Warning/max-len]
/app/src/services/meeting/hooks/deactivate-meeting-hook.js:219:1: Line 219 exceeds the maximum line length of 120. [Warning/max-len]
/app/src/services/meeting/hooks/deactivate-meeting-hook.js:220:1: Line 220 exceeds the maximum line length of 120. [Warning/max-len]
/app/src/services/meeting/hooks/deactivate-meeting-hook.js:262:14: Unexpected console statement. [Warning/no-console]
/app/src/services/meeting/hooks/deactivate-meeting-hook.js:265:12: Unexpected console statement. [Warning/no-console]
/app/src/services/meeting/hooks/deactivate-meeting-hook.js:270:19: Gratuitous parentheses around expression. [Warning/no-extra-parens]
/app/src/services/meeting/hooks/deactivate-meeting-hook.js:275:16: 'meetingEvent' is defined but never used. [Warning/no-unused-vars]
/app/src/services/meeting/hooks/index.js:14:13: Identifier 'start_time' is not in camel case. [Error/camelcase]
/app/src/services/meeting/hooks/index.js:24:8: A space is required after '['. [Error/array-bracket-spacing]
/app/src/services/meeting/hooks/index.js:24:39: A space is required before ']'. [Error/array-bracket-spacing]
/app/src/services/meeting/hooks/index.js:25:11: A space is required after '['. [Error/array-bracket-spacing]
/app/src/services/meeting/hooks/index.js:25:45: A space is required before ']'. [Error/array-bracket-spacing]
/app/src/services/meeting/hooks/index.js:26:9: A space is required after '['. [Error/array-bracket-spacing]
/app/src/services/meeting/hooks/index.js:26:38: A space is required before ']'. [Error/array-bracket-spacing]
/app/src/services/meeting/hooks/index.js:27:11: A space is required after '['. [Error/array-bracket-spacing]
/app/src/services/meeting/hooks/index.js:27:22: A space is required before ']'. [Error/array-bracket-spacing]
/app/src/services/meeting/hooks/index.js:28:10: A space is required after '['. [Error/array-bracket-spacing]
/app/src/services/meeting/hooks/index.js:29:1: Expected indentation of 10 spaces but found 4. [Error/indent]
/app/src/services/meeting/hooks/index.js:30:1: Expected indentation of 10 spaces but found 4. [Error/indent]
/app/src/services/meeting/hooks/index.js:30:23: A space is required before ']'. [Error/array-bracket-spacing]
/app/src/services/meeting/hooks/index.js:35:11: A space is required after '['. [Error/array-bracket-spacing]
/app/src/services/meeting/hooks/index.js:35:50: A space is required before ']'. [Error/array-bracket-spacing]
/app/src/services/meeting/hooks/index.js:36:11: A space is required after '['. [Error/array-bracket-spacing]
/app/src/services/meeting/hooks/index.js:36:27: A space is required before ']'. [Error/array-bracket-spacing]
/app/src/services/meeting/hooks/index.js:37:10: A space is required after '['. [Error/array-bracket-spacing]
/app/src/services/meeting/hooks/index.js:37:49: A space is required before ']'. [Error/array-bracket-spacing]
/app/src/services/meeting/hooks/index.js:39:9: A space is required after '['. [Error/array-bracket-spacing]
/app/src/services/meeting/hooks/index.js:39:36: A space is required before ']'. [Error/array-bracket-spacing]
/app/src/services/meeting/hooks/participants-event-hook.js:9:18: Expected to return a value at the end of function. [Error/consistent-return]
/app/src/services/meeting/hooks/participants-event-hook.js:15:14: 'participantEvent' is defined but never used. [Warning/no-unused-vars]
/app/src/services/meeting/hooks/participants-event-hook.js:18:8: Expected line break before `.catch`. [Error/newline-per-chained-call]
/app/src/services/meeting/hooks/remove-participants-hook.js:19:12: Expected line break before `.catch`. [Error/newline-per-chained-call]
/app/src/services/meeting/index.js:8:9: Unexpected alias 'app' for 'this'. [Error/consistent-this]
/app/src/services/meeting/meeting-model.js:11:8: A space is required after '{'. [Error/object-curly-spacing]
/app/src/services/meeting/meeting-model.js:11:21: A space is required before '}'. [Error/object-curly-spacing]
/app/src/services/meeting/meeting-model.js:12:18: A space is required after '{'. [Error/object-curly-spacing]
/app/src/services/meeting/meeting-model.js:12:51: A space is required before '}'. [Error/object-curly-spacing]
/app/src/services/meeting/meeting-model.js:14:14: A space is required after '{'. [Error/object-curly-spacing]
/app/src/services/meeting/meeting-model.js:14:46: A space is required before '}'. [Error/object-curly-spacing]
/app/src/services/meetingEvent/hooks/index.js:6:8: A space is required after '['. [Error/array-bracket-spacing]
/app/src/services/meetingEvent/hooks/index.js:6:39: A space is required before ']'. [Error/array-bracket-spacing]
/app/src/services/meetingEvent/index.js:8:9: Unexpected alias 'app' for 'this'. [Error/consistent-this]
/app/src/services/meetingEvent/meetingEvent-model.js:12:12: A space is required after '{'. [Error/object-curly-spacing]
/app/src/services/meetingEvent/meetingEvent-model.js:12:41: A space is required before '}'. [Error/object-curly-spacing]
/app/src/services/participant/hooks/index.js:6:8: A space is required after '['. [Error/array-bracket-spacing]
/app/src/services/participant/hooks/index.js:6:39: A space is required before ']'. [Error/array-bracket-spacing]
/app/src/services/participant/index.js:8:9: Unexpected alias 'app' for 'this'. [Error/consistent-this]
/app/src/services/participant/index.js:12:7: Unquoted reserved word 'default' used as key. [Error/quote-props]
/app/src/services/participant/participant-model.js:16:14: A space is required after '{'. [Error/object-curly-spacing]
/app/src/services/participant/participant-model.js:16:43: A space is required before '}'. [Error/object-curly-spacing]
/app/src/services/participantEvent/hooks/index.js:6:8: A space is required after '['. [Error/array-bracket-spacing]
/app/src/services/participantEvent/hooks/index.js:6:39: A space is required before ']'. [Error/array-bracket-spacing]
/app/src/services/participantEvent/index.js:8:9: Unexpected alias 'app' for 'this'. [Error/consistent-this]
/app/src/services/participantEvent/index.js:13:7: Unquoted reserved word 'default' used as key. [Error/quote-props]
/app/src/services/participantEvent/participantEvent-model.js:12:18: A space is required after '{'. [Error/object-curly-spacing]
/app/src/services/participantEvent/participantEvent-model.js:12:51: A space is required before '}'. [Error/object-curly-spacing]
/app/src/services/participantEvent/participantEvent-model.js:13:12: A space is required after '{'. [Error/object-curly-spacing]
/app/src/services/participantEvent/participantEvent-model.js:13:41: A space is required before '}'. [Error/object-curly-spacing]
/app/src/services/turn/hooks/index.js:6:8: A space is required after '['. [Error/array-bracket-spacing]
/app/src/services/turn/hooks/index.js:6:39: A space is required before ']'. [Error/array-bracket-spacing]
/app/src/services/turn/index.js:8:9: Unexpected alias 'app' for 'this'. [Error/consistent-this]
/app/src/services/turn/turn-model.js:13:12: A space is required after '{'. [Error/object-curly-spacing]
/app/src/services/turn/turn-model.js:13:41: A space is required before '}'. [Error/object-curly-spacing]
/app/src/services/turn/turn-model.js:20:18: A space is required after '{'. [Error/object-curly-spacing]
/app/src/services/turn/turn-model.js:20:51: A space is required before '}'. [Error/object-curly-spacing]
/app/src/services/user/hooks/index.js:39:8: A space is required after '['. [Error/array-bracket-spacing]
/app/src/services/user/hooks/index.js:39:57: A space is required before ']'. [Error/array-bracket-spacing]
/app/src/services/user/index.js:8:9: Unexpected alias 'app' for 'this'. [Error/consistent-this]
/app/src/services/user/index.js:13:7: Unquoted reserved word 'default' used as key. [Error/quote-props]
/app/src/services/user/user-model.js:9:10: A space is required after '{'. [Error/object-curly-spacing]
/app/src/services/user/user-model.js:9:53: A space is required before '}'. [Error/object-curly-spacing]
/app/src/services/utterance/hooks/index.js:10:8: A space is required after '['. [Error/array-bracket-spacing]
/app/src/services/utterance/hooks/index.js:10:39: A space is required before ']'. [Error/array-bracket-spacing]
/app/src/services/utterance/hooks/index.js:13:11: A space is required after '['. [Error/array-bracket-spacing]
/app/src/services/utterance/hooks/index.js:13:69: A space is required before ']'. [Error/array-bracket-spacing]
/app/src/services/utterance/hooks/mergeHook.js:10:14: A space is required after '{'. [Error/object-curly-spacing]
/app/src/services/utterance/hooks/mergeHook.js:10:26: A space is required before '}'. [Error/object-curly-spacing]
/app/src/services/utterance/hooks/mergeHook.js:22:9: Gratuitous parentheses around expression. [Warning/no-extra-parens]
/app/src/services/utterance/hooks/mergeHook.js:25:7: Expected catch() or return [Error/promise/catch-or-return]
/app/src/services/utterance/hooks/mergeHook.js:28:15: Each then() should return a value or throw [Error/promise/always-return]
/app/src/services/utterance/hooks/participant-consented-hook.js:9:34: Expected to return a value at the end of arrow function. [Error/consistent-return]
/app/src/services/utterance/hooks/participant-consented-hook.js:10:16: Each then() should return a value or throw [Error/promise/always-return]
/app/src/services/utterance/hooks/participant-consented-hook.js:14:32: A space is required after '{'. [Error/object-curly-spacing]
/app/src/services/utterance/hooks/participant-consented-hook.js:14:33: Unnecessarily quoted property 'created' found. [Error/quote-props]
/app/src/services/utterance/hooks/participant-consented-hook.js:14:49: A space is required before '}'. [Error/object-curly-spacing]
/app/src/services/utterance/hooks/participant-consented-hook.js:16:17: Expected line break before `.catch`. [Error/newline-per-chained-call]
/app/src/services/utterance/hooks/participant-consented-hook.js:18:30: A space is required after '{'. [Error/object-curly-spacing]
/app/src/services/utterance/hooks/participant-consented-hook.js:18:31: Unnecessarily quoted property 'created' found. [Error/quote-props]
/app/src/services/utterance/hooks/participant-consented-hook.js:18:47: A space is required before '}'. [Error/object-curly-spacing]
/app/src/services/utterance/hooks/repeatHook.js:9:3: Expected catch() or return [Error/promise/catch-or-return]
/app/src/services/utterance/hooks/repeatHook.js:12:16: A space is required after '{'. [Error/object-curly-spacing]
/app/src/services/utterance/hooks/repeatHook.js:12:43: A space is required before '}'. [Error/object-curly-spacing]
/app/src/services/utterance/hooks/repeatHook.js:13:16: A space is required after '{'. [Error/object-curly-spacing]
/app/src/services/utterance/hooks/repeatHook.js:13:51: A space is required before '}'. [Error/object-curly-spacing]
/app/src/services/utterance/hooks/repeatHook.js:16:1: Expected indentation of 4 spaces but found 6. [Error/indent]
/app/src/services/utterance/hooks/repeatHook.js:17:1: Expected indentation of 4 spaces but found 6. [Error/indent]
/app/src/services/utterance/hooks/repeatHook.js:18:1: Expected indentation of 4 spaces but found 6. [Error/indent]
/app/src/services/utterance/hooks/repeatHook.js:19:1: Expected indentation of 4 spaces but found 6. [Error/indent]
/app/src/services/utterance/hooks/repeatHook.js:20:1: Expected indentation of 4 spaces but found 6. [Error/indent]
/app/src/services/utterance/hooks/repeatHook.js:21:1: Expected indentation of 4 spaces but found 6. [Error/indent]
/app/src/services/utterance/hooks/repeatHook.js:22:1: Expected indentation of 27 spaces but found 29. [Error/indent]
/app/src/services/utterance/hooks/repeatHook.js:23:1: Expected indentation of 29 spaces but found 31. [Error/indent]
/app/src/services/utterance/hooks/repeatHook.js:24:1: Expected indentation of 54 spaces but found 58. [Error/indent]
/app/src/services/utterance/hooks/repeatHook.js:25:1: Expected indentation of 29 spaces but found 31. [Error/indent]
/app/src/services/utterance/hooks/repeatHook.js:26:1: Expected indentation of 52 spaces but found 56. [Error/indent]
/app/src/services/utterance/hooks/repeatHook.js:27:1: Expected indentation of 29 spaces but found 31. [Error/indent]
/app/src/services/utterance/hooks/repeatHook.js:27:39: Gratuitous parentheses around expression. [Warning/no-extra-parens]
/app/src/services/utterance/hooks/repeatHook.js:29:1: Expected indentation of 27 spaces but found 29. [Error/indent]
/app/src/services/utterance/hooks/repeatHook.js:30:1: Expected indentation of 4 spaces but found 6. [Error/indent]
/app/src/services/utterance/hooks/repeatHook.js:31:1: Expected indentation of 6 spaces but found 8. [Error/indent]
/app/src/services/utterance/hooks/repeatHook.js:32:1: Expected indentation of 6 spaces but found 8. [Error/indent]
/app/src/services/utterance/hooks/repeatHook.js:33:1: Expected indentation of 4 spaces but found 6. [Error/indent]
/app/src/services/utterance/hooks/repeatHook.js:34:1: Expected indentation of 6 spaces but found 8. [Error/indent]
/app/src/services/utterance/hooks/repeatHook.js:35:1: Expected indentation of 6 spaces but found 8. [Error/indent]
/app/src/services/utterance/hooks/repeatHook.js:36:1: Expected indentation of 6 spaces but found 8. [Error/indent]
/app/src/services/utterance/hooks/repeatHook.js:37:1: Expected indentation of 6 spaces but found 8. [Error/indent]
/app/src/services/utterance/hooks/repeatHook.js:38:1: Expected indentation of 6 spaces but found 8. [Error/indent]
/app/src/services/utterance/hooks/repeatHook.js:39:1: Expected indentation of 6 spaces but found 8. [Error/indent]
/app/src/services/utterance/hooks/repeatHook.js:40:1: Expected indentation of 4 spaces but found 6. [Error/indent]
/app/src/services/utterance/hooks/repeatHook.js:41:1: Expected indentation of 2 spaces but found 4. [Error/indent]
/app/src/services/utterance/hooks/roomHook.js:3:16: Expected to return a value at the end of function. [Error/consistent-return]
/app/src/services/utterance/hooks/roomHook.js:9:3: Expected catch() or return [Error/promise/catch-or-return]
/app/src/services/utterance/index.js:8:9: Unexpected alias 'app' for 'this'. [Error/consistent-this]
/app/src/services/utterance/utterance-model.js:12:16: A space is required after '{'. [Error/object-curly-spacing]
/app/src/services/utterance/utterance-model.js:12:49: A space is required before '}'. [Error/object-curly-spacing]
/app/src/services/utterance/utterance-model.js:13:12: A space is required after '{'. [Error/object-curly-spacing]
/app/src/services/utterance/utterance-model.js:13:41: A space is required before '}'. [Error/object-curly-spacing]
/app/src/services/utteranceDistribution/hooks/index.js:6:8: A space is required after '['. [Error/array-bracket-spacing]
/app/src/services/utteranceDistribution/hooks/index.js:6:39: A space is required before ']'. [Error/array-bracket-spacing]
/app/src/services/utteranceDistribution/index.js:8:9: Unexpected alias 'app' for 'this'. [Error/consistent-this]
/app/src/services/utteranceDistribution/index.js:13:7: Unquoted reserved word 'default' used as key. [Error/quote-props]
/app/src/services/utteranceDistribution/utteranceDistribution-model.js:12:12: A space is required after '{'. [Error/object-curly-spacing]
/app/src/services/utteranceDistribution/utteranceDistribution-model.js:12:41: A space is required before '}'. [Error/object-curly-spacing]
/app/src/services/utteranceDistribution/utteranceDistribution-model.js:14:18: A space is required after '{'. [Error/object-curly-spacing]
/app/src/services/utteranceDistribution/utteranceDistribution-model.js:14:51: A space is required before '}'. [Error/object-curly-spacing]
/app/test/events/index.test.js:18:5: Unnecessarily quoted property 'transports' found. [Error/quote-props]
/app/test/events/index.test.js:27:38: 'room' is defined but never used. [Warning/no-unused-vars]
/app/test/events/index.test.js:28:5: Expected catch() or return [Error/promise/catch-or-return]
/app/test/events/index.test.js:28:89: Each then() should return a value or throw [Error/promise/always-return]
/app/test/events/index.test.js:34:17: Each then() should return a value or throw [Error/promise/always-return]
/app/test/events/index.test.js:34:18: 'meeting' is already declared in the upper scope. [Error/no-shadow]
/app/test/events/index.test.js:36:12: Expected line break before `.catch`. [Error/newline-per-chained-call]
/app/test/events/index.test.js:37:11: Avoid calling back inside of a promise. [Warning/promise/no-callback-in-promise]
/app/test/events/index.test.js:44:25: Each then() should return a value or throw [Error/promise/always-return]
/app/test/events/index.test.js:48:26: Avoid calling back inside of a promise. [Warning/promise/no-callback-in-promise]
/app/test/events/index.test.js:49:25: Avoid calling back inside of a promise. [Warning/promise/no-callback-in-promise]
/app/test/events/index.test.js:60:19: Each then() should return a value or throw [Error/promise/always-return]
/app/test/events/index.test.js:64:15: Avoid calling back inside of a promise. [Warning/promise/no-callback-in-promise]
/app/test/events/index.test.js:65:16: Expected line break before `.catch`. [Error/newline-per-chained-call]
/app/test/events/index.test.js:68:15: Avoid calling back inside of a promise. [Warning/promise/no-callback-in-promise]
/app/test/events/index.test.js:74:48: Each then() should return a value or throw [Error/promise/always-return]
/app/test/events/index.test.js:82:8: Expected line break before `.catch`. [Error/newline-per-chained-call]
/app/test/events/index.test.js:83:7: Avoid calling back inside of a promise. [Warning/promise/no-callback-in-promise]
/app/test/events/meetingEvent.test.js:11:25: Each then() should return a value or throw [Error/promise/always-return]
/app/test/events/meetingEvent.test.js:11:33: Avoid calling back inside of a promise. [Warning/promise/no-callback-in-promise]
/app/test/events/meetingEvent.test.js:12:37: Avoid calling back inside of a promise. [Warning/promise/no-callback-in-promise]
/app/test/events/meetingEvent.test.js:26:21: Unnecessarily quoted property 'transports' found. [Error/quote-props]
/app/test/events/meetingEvent.test.js:32:6: A space is required before '}'. [Error/object-curly-spacing]
/app/test/helpers/index.test.js:15:45: A space is required after '['. [Error/array-bracket-spacing]
/app/test/helpers/index.test.js:15:49: A space is required before ']'. [Error/array-bracket-spacing]
/app/test/helpers/index.test.js:26:10: A space is required after '{'. [Error/object-curly-spacing]
/app/test/helpers/index.test.js:26:15: A space is required before '}'. [Error/object-curly-spacing]
/app/test/helpers/index.test.js:30:45: A space is required after '['. [Error/array-bracket-spacing]
/app/test/helpers/index.test.js:30:49: A space is required before ']'. [Error/array-bracket-spacing]
/app/test/helpers/index.test.js:32:10: A space is required after '{'. [Error/object-curly-spacing]
/app/test/helpers/index.test.js:32:15: A space is required before '}'. [Error/object-curly-spacing]
/app/test/helpers/index.test.js:41:10: A space is required after '['. [Error/array-bracket-spacing]
/app/test/helpers/index.test.js:41:15: A space is required before ']'. [Error/array-bracket-spacing]
/app/test/helpers/index.test.js:45:45: A space is required after '['. [Error/array-bracket-spacing]
/app/test/helpers/index.test.js:45:49: A space is required before ']'. [Error/array-bracket-spacing]
/app/test/helpers/index.test.js:47:10: A space is required after '['. [Error/array-bracket-spacing]
/app/test/helpers/index.test.js:47:15: A space is required before ']'. [Error/array-bracket-spacing]
/app/test/jobs/end-meeting-job.test.js:45:19: A space is required after '['. [Error/array-bracket-spacing]
/app/test/jobs/end-meeting-job.test.js:45:68: A space is required before ']'. [Error/array-bracket-spacing]
/app/test/jobs/end-meeting-job.test.js:54:22: 'meeting' is defined but never used. [Warning/no-unused-vars]
/app/test/jobs/end-meeting-job.test.js:55:59: 'list' is defined but never used. [Warning/no-unused-vars]
/app/test/jobs/end-meeting-job.test.js:56:10: Expected catch() or return [Error/promise/catch-or-return]
/app/test/jobs/end-meeting-job.test.js:56:70: Each then() should return a value or throw [Error/promise/always-return]
/app/test/jobs/end-meeting-job.test.js:59:9: Expected line break before `.then`. [Error/newline-per-chained-call]
/app/test/jobs/end-meeting-job.test.js:59:24: 'participants' is defined but never used. [Warning/no-unused-vars]
/app/test/jobs/end-meeting-job.test.js:63:8: Function expected no return value. [Error/consistent-return]
/app/test/jobs/end-meeting-job.test.js:69:9: Expected line break before `.then`. [Error/newline-per-chained-call]
/app/test/jobs/end-meeting-job.test.js:69:24: 'utterance' is defined but never used. [Warning/no-unused-vars]
/app/test/jobs/end-meeting-job.test.js:70:8: Each then() should return a value or throw [Error/promise/always-return]
/app/test/jobs/end-meeting-job.test.js:71:10: Avoid calling back inside of a promise. [Warning/promise/no-callback-in-promise]
/app/test/jobs/end-meeting-job.test.js:73:9: Expected line break before `.catch`. [Error/newline-per-chained-call]
/app/test/jobs/end-meeting-job.test.js:76:10: Avoid calling back inside of a promise. [Warning/promise/no-callback-in-promise]
/app/test/jobs/end-meeting-job.test.js:98:68: Each then() should return a value or throw [Error/promise/always-return]
/app/test/jobs/end-meeting-job.test.js:100:9: Avoid calling back inside of a promise. [Warning/promise/no-callback-in-promise]
/app/test/jobs/end-meeting-job.test.js:103:9: Avoid calling back inside of a promise. [Warning/promise/no-callback-in-promise]
/app/test/jobs/end-meeting-job.test.js:108:68: Each then() should return a value or throw [Error/promise/always-return]
/app/test/jobs/end-meeting-job.test.js:110:9: Avoid calling back inside of a promise. [Warning/promise/no-callback-in-promise]
/app/test/jobs/end-meeting-job.test.js:113:9: Avoid calling back inside of a promise. [Warning/promise/no-callback-in-promise]
/app/test/jobs/end-meeting-job.test.js:132:15: Each then() should return a value or throw [Error/promise/always-return]
/app/test/jobs/end-meeting-job.test.js:134:9: Avoid calling back inside of a promise. [Warning/promise/no-callback-in-promise]
/app/test/jobs/end-meeting-job.test.js:135:10: Expected line break before `.catch`. [Error/newline-per-chained-call]
/app/test/jobs/end-meeting-job.test.js:136:9: Avoid calling back inside of a promise. [Warning/promise/no-callback-in-promise]
/app/test/jobs/end-meeting-job.test.js:144:15: Each then() should return a value or throw [Error/promise/always-return]
/app/test/jobs/end-meeting-job.test.js:146:9: Avoid calling back inside of a promise. [Warning/promise/no-callback-in-promise]
/app/test/jobs/end-meeting-job.test.js:147:10: Expected line break before `.catch`. [Error/newline-per-chained-call]
/app/test/jobs/end-meeting-job.test.js:148:9: Avoid calling back inside of a promise. [Warning/promise/no-callback-in-promise]
/app/test/jobs/end-meeting-job.test.js:170:42: A space is required after '['. [Error/array-bracket-spacing]
/app/test/jobs/end-meeting-job.test.js:170:69: A space is required before ']'. [Error/array-bracket-spacing]
/app/test/jobs/end-meeting-job.test.js:171:26: Each then() should return a value or throw [Error/promise/always-return]
/app/test/jobs/end-meeting-job.test.js:175:22: Avoid calling back inside of a promise. [Warning/promise/no-callback-in-promise]
/app/test/jobs/end-meeting-job.test.js:177:22: Avoid calling back inside of a promise. [Warning/promise/no-callback-in-promise]
/app/test/jobs/end-meeting-job.test.js:182:42: A space is required after '['. [Error/array-bracket-spacing]
/app/test/jobs/end-meeting-job.test.js:182:103: A space is required before ']'. [Error/array-bracket-spacing]
/app/test/jobs/end-meeting-job.test.js:183:26: Each then() should return a value or throw [Error/promise/always-return]
/app/test/jobs/end-meeting-job.test.js:187:22: Avoid calling back inside of a promise. [Warning/promise/no-callback-in-promise]
/app/test/jobs/end-meeting-job.test.js:189:22: Avoid calling back inside of a promise. [Warning/promise/no-callback-in-promise]
/app/test/jobs/turn-job/index.test.js:36:17: A space is required after '['. [Error/array-bracket-spacing]
/app/test/jobs/turn-job/index.test.js:36:37: A space is required before ']'. [Error/array-bracket-spacing]
/app/test/jobs/turn-job/index.test.js:46:27: 'n' is defined but never used. [Warning/no-unused-vars]
/app/test/jobs/turn-job/index.test.js:46:44: Unnecessarily quoted property 'timestamp' found. [Error/quote-props]
/app/test/jobs/turn-job/index.test.js:46:62: Unnecessarily quoted property 'vol' found. [Error/quote-props]
/app/test/jobs/turn-job/index.test.js:52:27: 'n' is defined but never used. [Warning/no-unused-vars]
/app/test/jobs/turn-job/index.test.js:52:44: Unnecessarily quoted property 'timestamp' found. [Error/quote-props]
/app/test/jobs/turn-job/index.test.js:52:62: Unnecessarily quoted property 'vol' found. [Error/quote-props]
/app/test/jobs/turn-job/index.test.js:58:27: 'n' is defined but never used. [Warning/no-unused-vars]
/app/test/jobs/turn-job/index.test.js:58:44: Unnecessarily quoted property 'timestamp' found. [Error/quote-props]
/app/test/jobs/turn-job/index.test.js:58:62: Unnecessarily quoted property 'vol' found. [Error/quote-props]
/app/test/jobs/turn-job/index.test.js:64:10: Gratuitous parentheses around expression. [Warning/no-extra-parens]
/app/test/jobs/turn-job/index.test.js:67:10: Gratuitous parentheses around expression. [Warning/no-extra-parens]
/app/test/jobs/turn-job/index.test.js:72:5: Expected catch() or return [Error/promise/catch-or-return]
/app/test/jobs/turn-job/index.test.js:72:25: Each then() should return a value or throw [Error/promise/always-return]
/app/test/jobs/turn-job/index.test.js:77:15: Each then() should return a value or throw [Error/promise/always-return]
/app/test/jobs/turn-job/index.test.js:77:16: 'participants' is defined but never used. [Warning/no-unused-vars]
/app/test/jobs/turn-job/index.test.js:77:35: Avoid calling back inside of a promise. [Warning/promise/no-callback-in-promise]
/app/test/jobs/turn-job/index.test.js:78:27: Avoid calling back inside of a promise. [Warning/promise/no-callback-in-promise]
/app/test/jobs/turn-job/index.test.js:84:17: Each then() should return a value or throw [Error/promise/always-return]
/app/test/jobs/turn-job/index.test.js:87:13: Avoid calling back inside of a promise. [Warning/promise/no-callback-in-promise]
/app/test/jobs/turn-job/index.test.js:88:14: Expected line break before `.catch`. [Error/newline-per-chained-call]
/app/test/jobs/turn-job/index.test.js:89:13: Avoid calling back inside of a promise. [Warning/promise/no-callback-in-promise]
/app/test/jobs/turn-job/index.test.js:94:40: 'done' is defined but never used. [Warning/no-unused-vars]
/app/test/jobs/turn-job/index.test.js:105:40: Each then() should return a value or throw [Error/promise/always-return]
/app/test/jobs/turn-job/index.test.js:105:41: 'utterances' is defined but never used. [Warning/no-unused-vars]
/app/test/jobs/turn-job/index.test.js:105:58: Avoid calling back inside of a promise. [Warning/promise/no-callback-in-promise]
/app/test/jobs/turn-job/index.test.js:106:52: Avoid calling back inside of a promise. [Warning/promise/no-callback-in-promise]
/app/test/jobs/turn-job/index.test.js:117:15: Each then() should return a value or throw [Error/promise/always-return]
/app/test/jobs/turn-job/index.test.js:124:9: Avoid calling back inside of a promise. [Warning/promise/no-callback-in-promise]
/app/test/jobs/turn-job/index.test.js:125:10: Expected line break before `.catch`. [Error/newline-per-chained-call]
/app/test/jobs/turn-job/index.test.js:126:9: Avoid calling back inside of a promise. [Warning/promise/no-callback-in-promise]
/app/test/jobs/turn-job/index.test.js:129:1: Expected indentation of 6 spaces but found 13. [Error/indent]
/app/test/jobs/turn-job/index.test.js:136:16: Each then() should return a value or throw [Error/promise/always-return]
/app/test/jobs/turn-job/index.test.js:138:10: Avoid calling back inside of a promise. [Warning/promise/no-callback-in-promise]
/app/test/jobs/turn-job/index.test.js:139:11: Expected line break before `.catch`. [Error/newline-per-chained-call]
/app/test/jobs/turn-job/index.test.js:140:10: Avoid calling back inside of a promise. [Warning/promise/no-callback-in-promise]
/app/test/load.test.js:20:11: Unnecessarily quoted property 'transports' found. [Error/quote-props]
/app/test/load.test.js:43:35: 'n' is defined but never used. [Warning/no-unused-vars]
/app/test/load.test.js:48:13: Identifier 'start_time' is not in camel case. [Error/camelcase]
/app/test/load.test.js:49:13: Identifier 'end_time' is not in camel case. [Error/camelcase]
/app/test/load.test.js:51:13: Identifier 'face_delta' is not in camel case. [Error/camelcase]
/app/test/load.test.js:52:13: Identifier 'delta_array' is not in camel case. [Error/camelcase]
/app/test/load.test.js:52:39: 'n' is defined but never used. [Warning/no-unused-vars]
/app/test/load.test.js:52:54: A space is required after '['. [Error/array-bracket-spacing]
/app/test/load.test.js:52:77: A space is required before ']'. [Error/array-bracket-spacing]
/app/test/load.test.js:69:7: Unnecessarily quoted property 'transports' found. [Error/quote-props]
/app/test/load.test.js:91:20: 'i' is already declared in the upper scope. [Error/no-shadow]
/app/test/services/face/index.test.js:18:5: Identifier 'y_array' is not in camel case. [Error/camelcase]
/app/test/services/face/index.test.js:19:5: Identifier 'x_array' is not in camel case. [Error/camelcase]
/app/test/services/face/index.test.js:20:5: Identifier 'delta_array' is not in camel case. [Error/camelcase]
/app/test/services/face/index.test.js:34:5: Unnecessarily quoted property 'transports' found. [Error/quote-props]
/app/test/services/face/index.test.js:44:25: Each then() should return a value or throw [Error/promise/always-return]
/app/test/services/face/index.test.js:47:26: Avoid calling back inside of a promise. [Warning/promise/no-callback-in-promise]
/app/test/services/face/index.test.js:48:25: Avoid calling back inside of a promise. [Warning/promise/no-callback-in-promise]
/app/test/services/face/index.test.js:52:44: Each then() should return a value or throw [Error/promise/always-return]
/app/test/services/face/index.test.js:55:7: Avoid calling back inside of a promise. [Warning/promise/no-callback-in-promise]
/app/test/services/face/index.test.js:56:8: Expected line break before `.catch`. [Error/newline-per-chained-call]
/app/test/services/face/index.test.js:56:14: Unexpected parentheses around single function argument having a body with no curly braces. [Error/arrow-parens]
/app/test/services/face/index.test.js:56:23: Avoid calling back inside of a promise. [Warning/promise/no-callback-in-promise]
/app/test/services/meeting/activate-meeting-hook.test.js:22:25: Each then() should return a value or throw [Error/promise/always-return]
/app/test/services/meeting/activate-meeting-hook.test.js:23:7: Expected catch() or return [Error/promise/catch-or-return]
/app/test/services/meeting/activate-meeting-hook.test.js:24:19: Each then() should return a value or throw [Error/promise/always-return]
/app/test/services/meeting/activate-meeting-hook.test.js:26:15: Avoid calling back inside of a promise. [Warning/promise/no-callback-in-promise]
/app/test/services/meeting/activate-meeting-hook.test.js:28:25: Avoid calling back inside of a promise. [Warning/promise/no-callback-in-promise]
/app/test/services/meeting/activate-meeting-hook.test.js:34:13: Each then() should return a value or throw [Error/promise/always-return]
/app/test/services/meeting/activate-meeting-hook.test.js:34:14: 'meeting' is defined but never used. [Warning/no-unused-vars]
/app/test/services/meeting/activate-meeting-hook.test.js:35:7: Avoid calling back inside of a promise. [Warning/promise/no-callback-in-promise]
/app/test/services/meeting/activate-meeting-hook.test.js:36:8: Expected line break before `.catch`. [Error/newline-per-chained-call]
/app/test/services/meeting/activate-meeting-hook.test.js:37:7: Avoid calling back inside of a promise. [Warning/promise/no-callback-in-promise]
/app/test/services/meeting/activate-meeting-hook.test.js:43:21: A space is required after '['. [Error/array-bracket-spacing]
/app/test/services/meeting/activate-meeting-hook.test.js:43:26: A space is required before ']'. [Error/array-bracket-spacing]
/app/test/services/meeting/activate-meeting-hook.test.js:44:13: Each then() should return a value or throw [Error/promise/always-return]
/app/test/services/meeting/activate-meeting-hook.test.js:47:7: Avoid calling back inside of a promise. [Warning/promise/no-callback-in-promise]
/app/test/services/meeting/activate-meeting-hook.test.js:48:8: Expected line break before `.catch`. [Error/newline-per-chained-call]
/app/test/services/meeting/activate-meeting-hook.test.js:49:7: Avoid calling back inside of a promise. [Warning/promise/no-callback-in-promise]
/app/test/services/meeting/add-participants-hook.test.js:19:19: A space is required after '['. [Error/array-bracket-spacing]
/app/test/services/meeting/add-participants-hook.test.js:19:30: A space is required before ']'. [Error/array-bracket-spacing]
/app/test/services/meeting/add-participants-hook.test.js:30:16: Expected line break before `.catch`. [Error/newline-per-chained-call]
/app/test/services/meeting/add-participants-hook.test.js:38:25: Each then() should return a value or throw [Error/promise/always-return]
/app/test/services/meeting/add-participants-hook.test.js:38:33: Avoid calling back inside of a promise. [Warning/promise/no-callback-in-promise]
/app/test/services/meeting/add-participants-hook.test.js:39:37: Avoid calling back inside of a promise. [Warning/promise/no-callback-in-promise]
/app/test/services/meeting/add-participants-hook.test.js:43:26: Each then() should return a value or throw [Error/promise/always-return]
/app/test/services/meeting/add-participants-hook.test.js:45:7: Avoid calling back inside of a promise. [Warning/promise/no-callback-in-promise]
/app/test/services/meeting/add-participants-hook.test.js:47:7: Avoid calling back inside of a promise. [Warning/promise/no-callback-in-promise]
/app/test/services/meeting/add-participants-hook.test.js:54:13: Each then() should return a value or throw [Error/promise/always-return]
/app/test/services/meeting/add-participants-hook.test.js:54:14: 'meeting' is defined but never used. [Warning/no-unused-vars]
/app/test/services/meeting/add-participants-hook.test.js:55:7: Avoid calling back inside of a promise. [Warning/promise/no-callback-in-promise]
/app/test/services/meeting/add-participants-hook.test.js:56:8: Expected line break before `.catch`. [Error/newline-per-chained-call]
/app/test/services/meeting/add-participants-hook.test.js:57:7: Avoid calling back inside of a promise. [Warning/promise/no-callback-in-promise]
/app/test/services/meeting/add-participants-hook.test.js:63:7: Identifier 'add_participant' is not in camel case. [Error/camelcase]
/app/test/services/meeting/add-participants-hook.test.js:64:17: Each then() should return a value or throw [Error/promise/always-return]
/app/test/services/meeting/add-participants-hook.test.js:66:46: A space is required after '['. [Error/array-bracket-spacing]
/app/test/services/meeting/add-participants-hook.test.js:66:63: A space is required before ']'. [Error/array-bracket-spacing]
/app/test/services/meeting/add-participants-hook.test.js:67:7: Avoid calling back inside of a promise. [Warning/promise/no-callback-in-promise]
/app/test/services/meeting/add-participants-hook.test.js:68:8: Expected line break before `.catch`. [Error/newline-per-chained-call]
/app/test/services/meeting/add-participants-hook.test.js:69:7: Avoid calling back inside of a promise. [Warning/promise/no-callback-in-promise]
/app/test/services/meeting/add-participants-hook.test.js:75:21: A space is required after '['. [Error/array-bracket-spacing]
/app/test/services/meeting/add-participants-hook.test.js:75:44: A space is required before ']'. [Error/array-bracket-spacing]
/app/test/services/meeting/add-participants-hook.test.js:76:13: Each then() should return a value or throw [Error/promise/always-return]
/app/test/services/meeting/add-participants-hook.test.js:77:46: A space is required after '['. [Error/array-bracket-spacing]
/app/test/services/meeting/add-participants-hook.test.js:77:69: A space is required before ']'. [Error/array-bracket-spacing]
/app/test/services/meeting/add-participants-hook.test.js:78:7: Avoid calling back inside of a promise. [Warning/promise/no-callback-in-promise]
/app/test/services/meeting/add-participants-hook.test.js:79:8: Expected line break before `.catch`. [Error/newline-per-chained-call]
/app/test/services/meeting/add-participants-hook.test.js:80:7: Avoid calling back inside of a promise. [Warning/promise/no-callback-in-promise]
/app/test/services/meeting/deactivate-meeting-hook-test.js:40:19: A space is required after '['. [Error/array-bracket-spacing]
/app/test/services/meeting/deactivate-meeting-hook-test.js:40:93: A space is required before ']'. [Error/array-bracket-spacing]
/app/test/services/meeting/deactivate-meeting-hook-test.js:69:59: 'list' is defined but never used. [Warning/no-unused-vars]
/app/test/services/meeting/deactivate-meeting-hook-test.js:72:55: 'list' is defined but never used. [Warning/no-unused-vars]
/app/test/services/meeting/deactivate-meeting-hook-test.js:78:9: Expected line break before `.catch`. [Error/newline-per-chained-call]
/app/test/services/meeting/deactivate-meeting-hook-test.js:87:25: Each then() should return a value or throw [Error/promise/always-return]
/app/test/services/meeting/deactivate-meeting-hook-test.js:87:33: Avoid calling back inside of a promise. [Warning/promise/no-callback-in-promise]
/app/test/services/meeting/deactivate-meeting-hook-test.js:88:37: Avoid calling back inside of a promise. [Warning/promise/no-callback-in-promise]
/app/test/services/meeting/deactivate-meeting-hook-test.js:92:64: Each then() should return a value or throw [Error/promise/always-return]
/app/test/services/meeting/deactivate-meeting-hook-test.js:94:7: Avoid calling back inside of a promise. [Warning/promise/no-callback-in-promise]
/app/test/services/meeting/deactivate-meeting-hook-test.js:96:7: Avoid calling back inside of a promise. [Warning/promise/no-callback-in-promise]
/app/test/services/meeting/deactivate-meeting-hook-test.js:103:13: Each then() should return a value or throw [Error/promise/always-return]
/app/test/services/meeting/deactivate-meeting-hook-test.js:107:7: Avoid calling back inside of a promise. [Warning/promise/no-callback-in-promise]
/app/test/services/meeting/deactivate-meeting-hook-test.js:108:8: Expected line break before `.catch`. [Error/newline-per-chained-call]
/app/test/services/meeting/deactivate-meeting-hook-test.js:109:7: Avoid calling back inside of a promise. [Warning/promise/no-callback-in-promise]
/app/test/services/meeting/deactivate-meeting-hook-test.js:116:13: Each then() should return a value or throw [Error/promise/always-return]
/app/test/services/meeting/deactivate-meeting-hook-test.js:116:23: 'meeting' is defined but never used. [Warning/no-unused-vars]
/app/test/services/meeting/deactivate-meeting-hook-test.js:118:25: A space is required after '{'. [Error/object-curly-spacing]
/app/test/services/meeting/deactivate-meeting-hook-test.js:118:44: A space is required before '}'. [Error/object-curly-spacing]
/app/test/services/meeting/deactivate-meeting-hook-test.js:119:25: A space is required after '{'. [Error/object-curly-spacing]
/app/test/services/meeting/deactivate-meeting-hook-test.js:119:38: A space is required before '}'. [Error/object-curly-spacing]
/app/test/services/meeting/deactivate-meeting-hook-test.js:121:15: Each then() should return a value or throw [Error/promise/always-return]
/app/test/services/meeting/deactivate-meeting-hook-test.js:123:9: Avoid calling back inside of a promise. [Warning/promise/no-callback-in-promise]
/app/test/services/meeting/deactivate-meeting-hook-test.js:124:10: Expected line break before `.catch`. [Error/newline-per-chained-call]
/app/test/services/meeting/deactivate-meeting-hook-test.js:125:9: Avoid calling back inside of a promise. [Warning/promise/no-callback-in-promise]
/app/test/services/meeting/deactivate-meeting-hook-test.js:127:8: Expected line break before `.catch`. [Error/newline-per-chained-call]
/app/test/services/meeting/deactivate-meeting-hook-test.js:128:7: Avoid calling back inside of a promise. [Warning/promise/no-callback-in-promise]
/app/test/services/meeting/index.test.js:12:19: A space is required after '['. [Error/array-bracket-spacing]
/app/test/services/meeting/index.test.js:12:36: A space is required before ']'. [Error/array-bracket-spacing]
/app/test/services/meeting/index.test.js:17:3: Unexpected console statement. [Warning/no-console]
/app/test/services/meeting/index.test.js:26:14: Each then() should return a value or throw [Error/promise/always-return]
/app/test/services/meeting/index.test.js:28:10: Avoid calling back inside of a promise. [Warning/promise/no-callback-in-promise]
/app/test/services/meeting/index.test.js:29:11: Expected line break before `.catch`. [Error/newline-per-chained-call]
/app/test/services/meeting/index.test.js:30:10: Avoid calling back inside of a promise. [Warning/promise/no-callback-in-promise]
/app/test/services/meeting/meeting-meta.test.js:12:25: Each then() should return a value or throw [Error/promise/always-return]
/app/test/services/meeting/meeting-meta.test.js:12:33: Avoid calling back inside of a promise. [Warning/promise/no-callback-in-promise]
/app/test/services/meeting/meeting-meta.test.js:13:37: Avoid calling back inside of a promise. [Warning/promise/no-callback-in-promise]
/app/test/services/meeting/meeting-meta.test.js:33:11: A space is required after '{'. [Error/object-curly-spacing]
/app/test/services/meeting/meeting-meta.test.js:33:24: A space is required before '}'. [Error/object-curly-spacing]
/app/test/services/meeting/meeting-meta.test.js:42:11: A space is required after '{'. [Error/object-curly-spacing]
/app/test/services/meeting/meeting-meta.test.js:42:36: A space is required before '}'. [Error/object-curly-spacing]
/app/test/services/meeting/meeting-meta.test.js:47:14: Each then() should return a value or throw [Error/promise/always-return]
/app/test/services/meeting/meeting-meta.test.js:50:10: Avoid calling back inside of a promise. [Warning/promise/no-callback-in-promise]
/app/test/services/meeting/meeting-meta.test.js:51:11: Expected line break before `.catch`. [Error/newline-per-chained-call]
/app/test/services/meeting/meeting-meta.test.js:52:10: Avoid calling back inside of a promise. [Warning/promise/no-callback-in-promise]
/app/test/services/meeting/meeting-meta.test.js:58:14: Each then() should return a value or throw [Error/promise/always-return]
/app/test/services/meeting/meeting-meta.test.js:61:10: Avoid calling back inside of a promise. [Warning/promise/no-callback-in-promise]
/app/test/services/meeting/meeting-meta.test.js:62:11: Expected line break before `.catch`. [Error/newline-per-chained-call]
/app/test/services/meeting/meeting-meta.test.js:63:10: Avoid calling back inside of a promise. [Warning/promise/no-callback-in-promise]
/app/test/services/meeting/meeting-meta.test.js:68:34: A space is required after '{'. [Error/object-curly-spacing]
/app/test/services/meeting/meeting-meta.test.js:68:42: A space is required after '{'. [Error/object-curly-spacing]
/app/test/services/meeting/meeting-meta.test.js:68:49: A space is required after '{'. [Error/object-curly-spacing]
/app/test/services/meeting/meeting-meta.test.js:68:62: A space is required before '}'. [Error/object-curly-spacing]
/app/test/services/meeting/meeting-meta.test.js:68:63: A space is required before '}'. [Error/object-curly-spacing]
/app/test/services/meeting/meeting-meta.test.js:68:64: A space is required before '}'. [Error/object-curly-spacing]
/app/test/services/meeting/meeting-meta.test.js:69:14: Each then() should return a value or throw [Error/promise/always-return]
/app/test/services/meeting/meeting-meta.test.js:73:10: Avoid calling back inside of a promise. [Warning/promise/no-callback-in-promise]
/app/test/services/meeting/meeting-meta.test.js:74:11: Expected line break before `.catch`. [Error/newline-per-chained-call]
/app/test/services/meeting/meeting-meta.test.js:75:10: Avoid calling back inside of a promise. [Warning/promise/no-callback-in-promise]
/app/test/services/meeting/meeting-meta.test.js:80:5: Expected catch() or return [Error/promise/catch-or-return]
/app/test/services/meeting/meeting-meta.test.js:80:45: Each then() should return a value or throw [Error/promise/always-return]
/app/test/services/meeting/meeting-meta.test.js:80:55: 'meeting' is defined but never used. [Warning/no-unused-vars]
/app/test/services/meeting/meeting-meta.test.js:81:36: A space is required after '{'. [Error/object-curly-spacing]
/app/test/services/meeting/meeting-meta.test.js:81:44: A space is required after '{'. [Error/object-curly-spacing]
/app/test/services/meeting/meeting-meta.test.js:81:51: A space is required after '{'. [Error/object-curly-spacing]
/app/test/services/meeting/meeting-meta.test.js:81:80: A space is required before '}'. [Error/object-curly-spacing]
/app/test/services/meeting/meeting-meta.test.js:81:81: A space is required before '}'. [Error/object-curly-spacing]
/app/test/services/meeting/meeting-meta.test.js:81:82: A space is required before '}'. [Error/object-curly-spacing]
/app/test/services/meeting/meeting-meta.test.js:82:14: Each then() should return a value or throw [Error/promise/always-return]
/app/test/services/meeting/meeting-meta.test.js:84:10: Avoid calling back inside of a promise. [Warning/promise/no-callback-in-promise]
/app/test/services/meeting/meeting-meta.test.js:85:11: Expected line break before `.catch`. [Error/newline-per-chained-call]
/app/test/services/meeting/meeting-meta.test.js:86:10: Avoid calling back inside of a promise. [Warning/promise/no-callback-in-promise]
/app/test/services/meeting/meeting-meta.test.js:92:34: A space is required after '{'. [Error/object-curly-spacing]
/app/test/services/meeting/meeting-meta.test.js:92:42: A space is required after '{'. [Error/object-curly-spacing]
/app/test/services/meeting/meeting-meta.test.js:92:49: A space is required after '{'. [Error/object-curly-spacing]
/app/test/services/meeting/meeting-meta.test.js:92:66: A space is required before '}'. [Error/object-curly-spacing]
/app/test/services/meeting/meeting-meta.test.js:92:67: A space is required before '}'. [Error/object-curly-spacing]
/app/test/services/meeting/meeting-meta.test.js:92:68: A space is required before '}'. [Error/object-curly-spacing]
/app/test/services/meeting/meeting-meta.test.js:93:14: Each then() should return a value or throw [Error/promise/always-return]
/app/test/services/meeting/meeting-meta.test.js:95:10: Avoid calling back inside of a promise. [Warning/promise/no-callback-in-promise]
/app/test/services/meeting/meeting-meta.test.js:96:11: Expected line break before `.catch`. [Error/newline-per-chained-call]
/app/test/services/meeting/meeting-meta.test.js:97:10: Avoid calling back inside of a promise. [Warning/promise/no-callback-in-promise]
/app/test/services/meeting/participant-changed.test.js:11:25: Each then() should return a value or throw [Error/promise/always-return]
/app/test/services/meeting/participant-changed.test.js:11:33: Avoid calling back inside of a promise. [Warning/promise/no-callback-in-promise]
/app/test/services/meeting/participant-changed.test.js:12:37: Avoid calling back inside of a promise. [Warning/promise/no-callback-in-promise]
/app/test/services/meeting/participant-changed.test.js:19:21: A space is required after '['. [Error/array-bracket-spacing]
/app/test/services/meeting/participant-changed.test.js:19:38: A space is required before ']'. [Error/array-bracket-spacing]
/app/test/services/meeting/participant-changed.test.js:22:27: A space is required after '['. [Error/array-bracket-spacing]
/app/test/services/meeting/participant-changed.test.js:22:38: A space is required before ']'. [Error/array-bracket-spacing]
/app/test/services/meeting/participant-changed.test.js:31:45: Each then() should return a value or throw [Error/promise/always-return]
/app/test/services/meeting/participant-changed.test.js:31:55: 'meeting' is defined but never used. [Warning/no-unused-vars]
/app/test/services/meeting/participant-changed.test.js:34:15: Each then() should return a value or throw [Error/promise/always-return]
/app/test/services/meeting/participant-changed.test.js:34:25: 'meeting' is defined but never used. [Warning/no-unused-vars]
/app/test/services/meeting/participant-changed.test.js:34:25: 'meeting' is already declared in the upper scope. [Error/no-shadow]
/app/test/services/meeting/participant-changed.test.js:36:9: Avoid calling back inside of a promise. [Warning/promise/no-callback-in-promise]
/app/test/services/meeting/participant-changed.test.js:39:7: Avoid calling back inside of a promise. [Warning/promise/no-callback-in-promise]
/app/test/services/meeting/participant-changed.test.js:47:21: A space is required after '['. [Error/array-bracket-spacing]
/app/test/services/meeting/participant-changed.test.js:47:32: A space is required before ']'. [Error/array-bracket-spacing]
/app/test/services/meeting/participant-changed.test.js:50:27: A space is required after '['. [Error/array-bracket-spacing]
/app/test/services/meeting/participant-changed.test.js:50:44: A space is required before ']'. [Error/array-bracket-spacing]
/app/test/services/meeting/participant-changed.test.js:59:45: Each then() should return a value or throw [Error/promise/always-return]
/app/test/services/meeting/participant-changed.test.js:59:55: 'meeting' is defined but never used. [Warning/no-unused-vars]
/app/test/services/meeting/participant-changed.test.js:62:15: Each then() should return a value or throw [Error/promise/always-return]
/app/test/services/meeting/participant-changed.test.js:62:25: 'meeting' is already declared in the upper scope. [Error/no-shadow]
/app/test/services/meeting/participant-changed.test.js:62:25: 'meeting' is defined but never used. [Warning/no-unused-vars]
/app/test/services/meeting/participant-changed.test.js:65:9: Avoid calling back inside of a promise. [Warning/promise/no-callback-in-promise]
/app/test/services/meeting/participant-changed.test.js:68:7: Avoid calling back inside of a promise. [Warning/promise/no-callback-in-promise]
/app/test/services/meeting/participants-event-hook.test.js:29:16: Expected line break before `.catch`. [Error/newline-per-chained-call]
/app/test/services/meeting/participants-event-hook.test.js:36:25: Each then() should return a value or throw [Error/promise/always-return]
/app/test/services/meeting/participants-event-hook.test.js:36:33: Avoid calling back inside of a promise. [Warning/promise/no-callback-in-promise]
/app/test/services/meeting/participants-event-hook.test.js:37:37: Avoid calling back inside of a promise. [Warning/promise/no-callback-in-promise]
/app/test/services/meeting/participants-event-hook.test.js:42:26: Each then() should return a value or throw [Error/promise/always-return]
/app/test/services/meeting/participants-event-hook.test.js:44:7: Avoid calling back inside of a promise. [Warning/promise/no-callback-in-promise]
/app/test/services/meeting/participants-event-hook.test.js:46:7: Avoid calling back inside of a promise. [Warning/promise/no-callback-in-promise]
/app/test/services/meeting/participants-event-hook.test.js:54:16: A space is required after '{'. [Error/object-curly-spacing]
/app/test/services/meeting/participants-event-hook.test.js:54:30: A space is required before '}'. [Error/object-curly-spacing]
/app/test/services/meeting/participants-event-hook.test.js:56:13: Each then() should return a value or throw [Error/promise/always-return]
/app/test/services/meeting/participants-event-hook.test.js:59:7: Avoid calling back inside of a promise. [Warning/promise/no-callback-in-promise]
/app/test/services/meeting/participants-event-hook.test.js:60:8: Expected line break before `.catch`. [Error/newline-per-chained-call]
/app/test/services/meeting/participants-event-hook.test.js:61:7: Avoid calling back inside of a promise. [Warning/promise/no-callback-in-promise]
/app/test/services/meeting/participants-event-hook.test.js:68:21: A space is required after '['. [Error/array-bracket-spacing]
/app/test/services/meeting/participants-event-hook.test.js:68:32: A space is required before ']'. [Error/array-bracket-spacing]
/app/test/services/meeting/participants-event-hook.test.js:69:13: Each then() should return a value or throw [Error/promise/always-return]
/app/test/services/meeting/participants-event-hook.test.js:69:23: 'meeting' is defined but never used. [Warning/no-unused-vars]
/app/test/services/meeting/participants-event-hook.test.js:74:20: A space is required after '{'. [Error/object-curly-spacing]
/app/test/services/meeting/participants-event-hook.test.js:74:34: A space is required before '}'. [Error/object-curly-spacing]
/app/test/services/meeting/participants-event-hook.test.js:76:17: Each then() should return a value or throw [Error/promise/always-return]
/app/test/services/meeting/participants-event-hook.test.js:81:11: Avoid calling back inside of a promise. [Warning/promise/no-callback-in-promise]
/app/test/services/meeting/participants-event-hook.test.js:82:12: Expected line break before `.catch`. [Error/newline-per-chained-call]
/app/test/services/meeting/participants-event-hook.test.js:83:11: Avoid calling back inside of a promise. [Warning/promise/no-callback-in-promise]
/app/test/services/meeting/participants-event-hook.test.js:86:8: Expected line break before `.catch`. [Error/newline-per-chained-call]
/app/test/services/meeting/participants-event-hook.test.js:87:7: Avoid calling back inside of a promise. [Warning/promise/no-callback-in-promise]
/app/test/services/meeting/remove-participants-hook.test.js:19:19: A space is required after '['. [Error/array-bracket-spacing]
/app/test/services/meeting/remove-participants-hook.test.js:19:36: A space is required before ']'. [Error/array-bracket-spacing]
/app/test/services/meeting/remove-participants-hook.test.js:30:16: Expected line break before `.catch`. [Error/newline-per-chained-call]
/app/test/services/meeting/remove-participants-hook.test.js:37:25: Each then() should return a value or throw [Error/promise/always-return]
/app/test/services/meeting/remove-participants-hook.test.js:37:33: Avoid calling back inside of a promise. [Warning/promise/no-callback-in-promise]
/app/test/services/meeting/remove-participants-hook.test.js:38:37: Avoid calling back inside of a promise. [Warning/promise/no-callback-in-promise]
/app/test/services/meeting/remove-participants-hook.test.js:44:26: Each then() should return a value or throw [Error/promise/always-return]
/app/test/services/meeting/remove-participants-hook.test.js:46:7: Avoid calling back inside of a promise. [Warning/promise/no-callback-in-promise]
/app/test/services/meeting/remove-participants-hook.test.js:48:7: Avoid calling back inside of a promise. [Warning/promise/no-callback-in-promise]
/app/test/services/meeting/remove-participants-hook.test.js:55:13: Each then() should return a value or throw [Error/promise/always-return]
/app/test/services/meeting/remove-participants-hook.test.js:55:14: 'meeting' is defined but never used. [Warning/no-unused-vars]
/app/test/services/meeting/remove-participants-hook.test.js:56:7: Avoid calling back inside of a promise. [Warning/promise/no-callback-in-promise]
/app/test/services/meeting/remove-participants-hook.test.js:57:8: Expected line break before `.catch`. [Error/newline-per-chained-call]
/app/test/services/meeting/remove-participants-hook.test.js:58:7: Avoid calling back inside of a promise. [Warning/promise/no-callback-in-promise]
/app/test/services/meeting/remove-participants-hook.test.js:64:7: Identifier 'remove_participants' is not in camel case. [Error/camelcase]
/app/test/services/meeting/remove-participants-hook.test.js:64:28: A space is required after '['. [Error/array-bracket-spacing]
/app/test/services/meeting/remove-participants-hook.test.js:64:39: A space is required before ']'. [Error/array-bracket-spacing]
/app/test/services/meeting/remove-participants-hook.test.js:65:17: Each then() should return a value or throw [Error/promise/always-return]
/app/test/services/meeting/remove-participants-hook.test.js:67:46: A space is required after '['. [Error/array-bracket-spacing]
/app/test/services/meeting/remove-participants-hook.test.js:67:51: A space is required before ']'. [Error/array-bracket-spacing]
/app/test/services/meeting/remove-participants-hook.test.js:68:7: Avoid calling back inside of a promise. [Warning/promise/no-callback-in-promise]
/app/test/services/meeting/remove-participants-hook.test.js:69:8: Expected line break before `.catch`. [Error/newline-per-chained-call]
/app/test/services/meeting/remove-participants-hook.test.js:70:7: Avoid calling back inside of a promise. [Warning/promise/no-callback-in-promise]
/app/test/services/meeting/remove-participants-hook.test.js:76:21: A space is required after '['. [Error/array-bracket-spacing]
/app/test/services/meeting/remove-participants-hook.test.js:76:44: A space is required before ']'. [Error/array-bracket-spacing]
/app/test/services/meeting/remove-participants-hook.test.js:77:13: Each then() should return a value or throw [Error/promise/always-return]
/app/test/services/meeting/remove-participants-hook.test.js:78:46: A space is required after '['. [Error/array-bracket-spacing]
/app/test/services/meeting/remove-participants-hook.test.js:78:69: A space is required before ']'. [Error/array-bracket-spacing]
/app/test/services/meeting/remove-participants-hook.test.js:79:7: Avoid calling back inside of a promise. [Warning/promise/no-callback-in-promise]
/app/test/services/meeting/remove-participants-hook.test.js:80:8: Expected line break before `.catch`. [Error/newline-per-chained-call]
/app/test/services/meeting/remove-participants-hook.test.js:81:7: Avoid calling back inside of a promise. [Warning/promise/no-callback-in-promise]
/app/test/services/participant/index.test.js:23:11: Each then() should return a value or throw [Error/promise/always-return]
/app/test/services/participant/index.test.js:25:7: Avoid calling back inside of a promise. [Warning/promise/no-callback-in-promise]
/app/test/services/participant/index.test.js:26:8: Expected line break before `.catch`. [Error/newline-per-chained-call]
/app/test/services/participant/index.test.js:27:7: Avoid calling back inside of a promise. [Warning/promise/no-callback-in-promise]
/app/test/services/participant/index.test.js:34:13: Each then() should return a value or throw [Error/promise/always-return]
/app/test/services/participant/index.test.js:36:7: Avoid calling back inside of a promise. [Warning/promise/no-callback-in-promise]
/app/test/services/participant/index.test.js:37:8: Expected line break before `.catch`. [Error/newline-per-chained-call]
/app/test/services/participant/index.test.js:38:7: Avoid calling back inside of a promise. [Warning/promise/no-callback-in-promise]
/app/test/services/utterance/index.test.js:21:5: Unnecessarily quoted property 'transports' found. [Error/quote-props]
/app/test/services/utterance/index.test.js:57:25: Each then() should return a value or throw [Error/promise/always-return]
/app/test/services/utterance/index.test.js:60:26: Avoid calling back inside of a promise. [Warning/promise/no-callback-in-promise]
/app/test/services/utterance/index.test.js:61:25: Avoid calling back inside of a promise. [Warning/promise/no-callback-in-promise]
/app/test/services/utterance/index.test.js:65:5: Expected catch() or return [Error/promise/catch-or-return]
/app/test/services/utterance/index.test.js:65:25: Each then() should return a value or throw [Error/promise/always-return]
/app/test/services/utterance/index.test.js:65:33: Avoid calling back inside of a promise. [Warning/promise/no-callback-in-promise]
/app/test/services/utterance/index.test.js:74:58: Each then() should return a value or throw [Error/promise/always-return]
/app/test/services/utterance/index.test.js:80:7: Avoid calling back inside of a promise. [Warning/promise/no-callback-in-promise]
/app/test/services/utterance/index.test.js:81:8: Expected line break before `.catch`. [Error/newline-per-chained-call]
/app/test/services/utterance/index.test.js:82:7: Avoid calling back inside of a promise. [Warning/promise/no-callback-in-promise]
/app/test/services/utterance/index.test.js:87:58: Each then() should return a value or throw [Error/promise/always-return]
/app/test/services/utterance/index.test.js:93:7: Avoid calling back inside of a promise. [Warning/promise/no-callback-in-promise]
/app/test/services/utterance/index.test.js:94:8: Expected line break before `.catch`. [Error/newline-per-chained-call]
/app/test/services/utterance/index.test.js:95:7: Avoid calling back inside of a promise. [Warning/promise/no-callback-in-promise]
/app/test/services/utterance/index.test.js:100:58: Each then() should return a value or throw [Error/promise/always-return]
/app/test/services/utterance/index.test.js:105:9: Each then() should return a value or throw [Error/promise/always-return]
/app/test/services/utterance/index.test.js:113:9: Avoid calling back inside of a promise. [Warning/promise/no-callback-in-promise]
/app/test/services/utterance/index.test.js:114:10: Expected line break before `.catch`. [Error/newline-per-chained-call]
/app/test/services/utterance/index.test.js:115:9: Avoid calling back inside of a promise. [Warning/promise/no-callback-in-promise]
/app/test/services/utterance/index.test.js:117:8: Expected line break before `.catch`. [Error/newline-per-chained-call]
/app/test/services/utterance/index.test.js:118:7: Avoid calling back inside of a promise. [Warning/promise/no-callback-in-promise]
/app/test/shared/global-before.js:19:3: Unnecessarily quoted property 'transports' found. [Error/quote-props]
/app/test/shared/global-before.js:43:10: Avoid creating new promises. [Warning/promise/avoid-new]
/app/test/shared/global-before.js:44:5: Expected catch() or return [Error/promise/catch-or-return]
/app/test/shared/global-before.js:44:30: Each then() should return a value or throw [Error/promise/always-return]
/app/test/shared/global-before.js:53:13: Each then() should return a value or throw [Error/promise/always-return]
/app/test/shared/global-before.js:53:14: 'user' is already declared in the upper scope. [Error/no-shadow]
/app/test/shared/global-before.js:57:8: Expected line break before `.catch`. [Error/newline-per-chained-call]
/app/test/shared/global-before.js:79:12: 'res' is defined but never used. [Warning/no-unused-vars]
/app/test/shared/global-before.js:87:23: Each then() should return a value or throw [Error/promise/always-return]
/app/test/shared/global-before.js:89:19: Avoid calling back inside of a promise. [Warning/promise/no-callback-in-promise]
/app/test/shared/global-before.js:90:20: Expected line break before `.catch`. [Error/newline-per-chained-call]
/app/test/shared/global-before.js:91:19: Avoid calling back inside of a promise. [Warning/promise/no-callback-in-promise]
/app/test/shared/global-before.js:97:23: Each then() should return a value or throw [Error/promise/always-return]
/app/test/shared/global-before.js:97:31: Avoid calling back inside of a promise. [Warning/promise/no-callback-in-promise]
/app/test/shared/global-before.js:97:58: Avoid calling back inside of a promise. [Warning/promise/no-callback-in-promise]

654 problems
---- Added manually (from the console report)

 654 problems (475 errors, 179 warnings)
  332 errors, 12 warnings potentially fixable with the `--fix` option.
